<?xml version="1.0" encoding="UTF-8"?>
<!-- Generated by org.testng.reporters.JUnitXMLReporter -->
<testsuite ignored="0" hostname="DESKTOP-5KTOU1E" failures="0" tests="4" name="Default test" time="5.583" errors="0" timestamp="2023-09-26T17:11:00 IST">
  <testcase classname="Beginner.CashoraLogin" name="Me" time="0.008"/>
  <testcase classname="Beginner.CashoraLogin" name="Metoo" time="0.001"/>
  <testcase classname="Beginner.CashoraLogin" name="test" time="5.465"/>
  <testcase classname="Beginner.CashoraLogin" name="thread" time="0.001"/>
</testsuite> <!-- Default test -->
